<?xml version="1.0" encoding="UTF-8"?>
<testng-results ignored="0" total="2" passed="2" failed="0" skipped="0">
  <reporter-output>
  </reporter-output>
  <suite started-at="2023-02-17T18:30:19 IST" name="Default suite" finished-at="2023-02-17T18:30:19 IST" duration-ms="158">
    <groups>
    </groups>
    <test started-at="2023-02-17T18:30:19 IST" name="Default test" finished-at="2023-02-17T18:30:19 IST" duration-ms="158">
      <class name="RCB.TeamRCB.ForiegnPlayers">
        <test-method signature="validateForiegnPlayers()[pri:0, instance:RCB.TeamRCB.ForiegnPlayers@12e61fe6]" started-at="2023-02-17T18:30:19 IST" name="validateForiegnPlayers" finished-at="2023-02-17T18:30:19 IST" duration-ms="48" status="PASS">
          <reporter-output>
          </reporter-output>
        </test-method> <!-- validateForiegnPlayers -->
        <test-method signature="validateWicketKeepers()[pri:0, instance:RCB.TeamRCB.ForiegnPlayers@12e61fe6]" started-at="2023-02-17T18:30:19 IST" name="validateWicketKeepers" finished-at="2023-02-17T18:30:19 IST" duration-ms="7" status="PASS">
          <reporter-output>
          </reporter-output>
        </test-method> <!-- validateWicketKeepers -->
      </class> <!-- RCB.TeamRCB.ForiegnPlayers -->
    </test> <!-- Default test -->
  </suite> <!-- Default suite -->
</testng-results>
